✅ Daily commit: Wed Apr  9 13:22:42 UTC 2025
✅ Daily commit: Wed Apr  9 13:22:55 UTC 2025
✅ Daily commit: Wed Apr  9 13:23:07 UTC 2025
✅ Daily commit: Thu Apr 10 04:28:20 UTC 2025
✅ Daily commit: Thu Apr 10 17:05:36 UTC 2025
✅ Daily commit: Thu Apr 10 17:05:47 UTC 2025
✅ Daily commit: Fri Apr 11 04:29:11 UTC 2025
✅ Daily commit: Sat Apr 12 04:27:58 UTC 2025
✅ Daily commit: Sun Apr 13 04:51:20 UTC 2025
✅ Daily commit: Mon Apr 14 04:28:59 UTC 2025
✅ Daily commit: Tue Apr 15 04:28:58 UTC 2025
✅ Daily commit: Wed Apr 16 04:28:48 UTC 2025
✅ Daily commit: Thu Apr 17 04:29:09 UTC 2025
✅ Daily commit: Fri Apr 18 04:28:24 UTC 2025
✅ Daily commit: Sat Apr 19 04:27:58 UTC 2025
✅ Daily commit: Sun Apr 20 04:27:20 UTC 2025
✅ Daily commit: Mon Apr 21 04:29:15 UTC 2025
✅ Daily commit: Tue Apr 22 04:28:57 UTC 2025
✅ Daily commit: Wed Apr 23 04:29:15 UTC 2025
✅ Daily commit: Thu Apr 24 04:28:54 UTC 2025
✅ Daily commit: Fri Apr 25 04:28:56 UTC 2025
✅ Daily commit: Sat Apr 26 04:27:52 UTC 2025
✅ Daily commit: Sun Apr 27 04:27:55 UTC 2025
✅ Daily commit: Mon Apr 28 04:30:30 UTC 2025
✅ Daily commit: Tue Apr 29 04:28:16 UTC 2025
✅ Daily commit: Wed Apr 30 04:28:58 UTC 2025
✅ Daily commit: Thu May  1 04:30:46 UTC 2025
✅ Daily commit: Fri May  2 04:29:05 UTC 2025
✅ Daily commit: Sat May  3 04:28:23 UTC 2025
✅ Daily commit: Sun May  4 04:29:19 UTC 2025
✅ Daily commit: Mon May  5 04:30:23 UTC 2025
✅ Daily commit: Tue May  6 04:29:43 UTC 2025
✅ Daily commit: Wed May  7 04:29:42 UTC 2025
✅ Daily commit: Thu May  8 04:30:55 UTC 2025
✅ Daily commit: Fri May  9 04:30:12 UTC 2025
✅ Daily commit: Sat May 10 04:29:18 UTC 2025
✅ Daily commit: Sun May 11 04:29:45 UTC 2025
✅ Daily commit: Mon May 12 04:30:45 UTC 2025
✅ Daily commit: Tue May 13 04:30:44 UTC 2025
